::1 - - [02/Jan/2023:20:12:40 +0000] "GET /phpmyadmin HTTP/1.1" 301 241
::1 - - [02/Jan/2023:20:12:40 +0000] "GET /phpmyadmin/ HTTP/1.1" 200 8469
::1 - - [02/Jan/2023:20:12:41 +0000] "GET /phpmyadmin/themes/pmahomme/jquery/jquery-ui-1.9.2.custom.css HTTP/1.1" 200 32278
::1 - - [02/Jan/2023:20:12:41 +0000] "GET /phpmyadmin/js/get_scripts.js.php?scripts[]=jquery/jquery-1.8.3.js&scripts[]=ajax.js&scripts[]=keyhandler.js&scripts[]=jquery/jquery-ui-1.9.2.custom.js&scripts[]=jquery/jquery.sprintf.js&scripts[]=jquery/jquery.cookie.js&scripts[]=jquery/jquery.mousewheel.js&scripts[]=jquery/jquery.event.drag-2.2.js&scripts[]=jquery/jquery-ui-timepicker-addon.js&scripts[]=jquery/jquery.ba-hashchange-1.3.js&scripts[]=jquery/jquery.debounce-1.0.5.js&scripts[]=jquery/jquery.menuResizer-1.0.js&scripts[]=rte.js&scripts[]=functions.js&scripts[]=navigation.js&scripts[]=indexes.js&scripts[]=common.js&scripts[]=codemirror/lib/codemirror.js&scripts[]=codemirror/mode/mysql/mysql.js HTTP/1.1" 200 578562
::1 - - [02/Jan/2023:20:12:41 +0000] "GET /phpmyadmin/phpmyadmin.css.php?server=1&lang=en&collation_connection=utf8_general_ci&token=32195fa4a7dbb88a6812ed0b67ce7d1f&nocache=5018070969ltr HTTP/1.1" 200 88608
::1 - - [02/Jan/2023:20:12:41 +0000] "GET /phpmyadmin/js/get_image.js.php?theme=pmahomme HTTP/1.1" 200 6263
::1 - - [02/Jan/2023:20:12:41 +0000] "GET /phpmyadmin/themes/pmahomme/img/logo_right.png HTTP/1.1" 200 4548
::1 - - [02/Jan/2023:20:12:41 +0000] "GET /phpmyadmin/themes/dot.gif HTTP/1.1" 200 43
::1 - - [02/Jan/2023:20:12:41 +0000] "GET /phpmyadmin/js/messages.php?lang=en&db=&server=0&collation_connection=utf8_general_ci&token=0cfe66c4545981d610e7ec074603367a HTTP/1.1" 200 16674
::1 - - [02/Jan/2023:20:12:41 +0000] "GET /phpmyadmin/themes/pmahomme/img/sprites.png HTTP/1.1" 200 61899
::1 - - [02/Jan/2023:20:12:41 +0000] "GET /phpmyadmin/favicon.ico HTTP/1.1" 200 18902
::1 - - [02/Jan/2023:20:13:31 +0000] "POST /phpmyadmin/index.php HTTP/1.1" 302 -
::1 - - [02/Jan/2023:20:13:31 +0000] "GET /phpmyadmin/index.php?token=32195fa4a7dbb88a6812ed0b67ce7d1f HTTP/1.1" 200 42535
::1 - - [02/Jan/2023:20:13:32 +0000] "GET /phpmyadmin/themes/pmahomme/jquery/jquery-ui-1.9.2.custom.css HTTP/1.1" 304 -
::1 - - [02/Jan/2023:20:13:32 +0000] "GET /phpmyadmin/phpmyadmin.css.php?server=1&token=32195fa4a7dbb88a6812ed0b67ce7d1f&nocache=6690761381ltr HTTP/1.1" 200 88608
::1 - - [02/Jan/2023:20:13:32 +0000] "GET /phpmyadmin/themes/pmahomme/img/logo_left.png HTTP/1.1" 200 2327
::1 - - [02/Jan/2023:20:13:32 +0000] "GET /phpmyadmin/js/messages.php?lang=en&db=&server=0&token=32195fa4a7dbb88a6812ed0b67ce7d1f HTTP/1.1" 200 16674
::1 - - [02/Jan/2023:20:13:32 +0000] "GET /phpmyadmin/themes/dot.gif HTTP/1.1" 304 -
::1 - - [02/Jan/2023:20:13:32 +0000] "GET /phpmyadmin/themes/pmahomme/img/ajax_clock_small.gif HTTP/1.1" 200 1810
::1 - - [02/Jan/2023:20:13:32 +0000] "GET /phpmyadmin/themes/pmahomme/img/left_nav_bg.png HTTP/1.1" 200 297
::1 - - [02/Jan/2023:20:13:32 +0000] "GET /phpmyadmin/themes/pmahomme/img/sprites.png HTTP/1.1" 304 -
::1 - - [02/Jan/2023:20:13:32 +0000] "GET /phpmyadmin/version_check.php?&_nocache=1672690412216291668 HTTP/1.1" 200 39
::1 - - [02/Jan/2023:20:13:48 +0000] "GET /phpmyadmin/server_databases.php?db=&token=32195fa4a7dbb88a6812ed0b67ce7d1f&ajax_request=true&ajax_page_request=true&menuHashes=be3c96dc&_nocache=1672690428743133910 HTTP/1.1" 200 33134
::1 - - [02/Jan/2023:20:13:48 +0000] "GET /phpmyadmin/js/get_scripts.js.php?scripts[]=server_databases.js HTTP/1.1" 200 1818
::1 - - [02/Jan/2023:20:13:48 +0000] "GET /phpmyadmin/themes/pmahomme/img/arrow_ltr.png HTTP/1.1" 200 139
::1 - - [02/Jan/2023:20:14:10 +0000] "POST /phpmyadmin/db_create.php HTTP/1.1" 200 2357
::1 - - [02/Jan/2023:20:14:10 +0000] "POST /phpmyadmin/navigation.php?ajax_request=1&token=32195fa4a7dbb88a6812ed0b67ce7d1f HTTP/1.1" 200 1293
::1 - - [02/Jan/2023:20:14:36 +0000] "GET /phpmyadmin/db_structure.php?db=sqlcourse&token=32195fa4a7dbb88a6812ed0b67ce7d1f&db=sqlcourse&ajax_request=true&ajax_page_request=true&menuHashes=be3c96dc-eb83d6eb&_nocache=1672690476588778848 HTTP/1.1" 200 5559
::1 - - [02/Jan/2023:20:14:36 +0000] "GET /phpmyadmin/js/get_scripts.js.php?scripts[]=db_structure.js&scripts[]=tbl_change.js HTTP/1.1" 200 12382
::1 - - [02/Jan/2023:20:19:50 +0000] "GET /phpmyadmin/ HTTP/1.1" 200 43131
::1 - - [02/Jan/2023:20:19:50 +0000] "GET /phpmyadmin/db_structure.php?db=sqlcourse&token=32195fa4a7dbb88a6812ed0b67ce7d1f&db=sqlcourse&ajax_request=true&ajax_page_request=true&menuHashes=be3c96dc-eb83d6eb-f087d61e&_nocache=1672690790299828188 HTTP/1.1" 200 2449
::1 - - [02/Jan/2023:20:20:39 +0000] "GET /phpmyadmin/server_import.php?db=&token=32195fa4a7dbb88a6812ed0b67ce7d1f&ajax_request=true&ajax_page_request=true&menuHashes=be3c96dc-eb83d6eb-f087d61e&_nocache=1672690839162557568 HTTP/1.1" 200 15293
::1 - - [02/Jan/2023:20:20:39 +0000] "GET /phpmyadmin/js/get_scripts.js.php?scripts[]=import.js HTTP/1.1" 200 1584
::1 - - [02/Jan/2023:20:33:59 +0000] "POST /phpmyadmin/import.php HTTP/1.1" 200 17783
::1 - - [02/Jan/2023:20:33:59 +0000] "GET /phpmyadmin/themes/pmahomme/jquery/jquery-ui-1.9.2.custom.css HTTP/1.1" 304 -
::1 - - [02/Jan/2023:20:33:59 +0000] "GET /phpmyadmin/themes/pmahomme/img/logo_left.png HTTP/1.1" 304 -
::1 - - [02/Jan/2023:20:33:59 +0000] "GET /phpmyadmin/themes/dot.gif HTTP/1.1" 304 -
::1 - - [02/Jan/2023:20:33:59 +0000] "GET /phpmyadmin/themes/pmahomme/img/ajax_clock_small.gif HTTP/1.1" 304 -
::1 - - [02/Jan/2023:20:33:59 +0000] "GET /phpmyadmin/themes/pmahomme/img/left_nav_bg.png HTTP/1.1" 304 -
::1 - - [02/Jan/2023:20:33:59 +0000] "GET /phpmyadmin/themes/pmahomme/img/sprites.png HTTP/1.1" 304 -
::1 - - [02/Jan/2023:20:34:17 +0000] "GET /phpmyadmin/server_import.php?db=&token=32195fa4a7dbb88a6812ed0b67ce7d1f&ajax_request=true&ajax_page_request=true&_nocache=1672691657712758780 HTTP/1.1" 200 15293
::1 - - [02/Jan/2023:20:34:25 +0000] "POST /phpmyadmin/import.php HTTP/1.1" 200 15771
::1 - - [02/Jan/2023:20:34:32 +0000] "GET /phpmyadmin/server_import.php?db=&token=32195fa4a7dbb88a6812ed0b67ce7d1f&ajax_request=true&ajax_page_request=true&_nocache=1672691672305487467 HTTP/1.1" 200 15293
::1 - - [02/Jan/2023:20:34:38 +0000] "POST /phpmyadmin/import.php HTTP/1.1" 200 19468
::1 - - [02/Jan/2023:20:34:55 +0000] "GET /phpmyadmin/server_import.php?db=&token=32195fa4a7dbb88a6812ed0b67ce7d1f&ajax_request=true&ajax_page_request=true&_nocache=1672691695391873503 HTTP/1.1" 200 15293
::1 - - [02/Jan/2023:20:35:01 +0000] "POST /phpmyadmin/import.php HTTP/1.1" 200 17768
::1 - - [02/Jan/2023:20:35:13 +0000] "GET /phpmyadmin/db_structure.php?server=1&db=sqlcourse&token=32195fa4a7dbb88a6812ed0b67ce7d1f&ajax_request=true&ajax_page_request=true&_nocache=1672691713615293780 HTTP/1.1" 200 5561
::1 - - [02/Jan/2023:20:35:16 +0000] "GET /phpmyadmin/navigation.php?ajax_request=1&token=32195fa4a7dbb88a6812ed0b67ce7d1f&aPath=cm9vdA%3D%3D.c3FsY291cnNl&vPath=cm9vdA%3D%3D.c3FsY291cnNl&pos=0&pos2_name=&pos2_value=&searchClause=&searchClause2=&_nocache=167269171608284642 HTTP/1.1" 200 97
::1 - - [02/Jan/2023:20:35:20 +0000] "GET /phpmyadmin/db_import.php?db=sqlcourse&token=32195fa4a7dbb88a6812ed0b67ce7d1f&ajax_request=true&ajax_page_request=true&menuHashes=f087d61e&_nocache=1672691720415594403 HTTP/1.1" 200 15757
::1 - - [02/Jan/2023:20:39:23 +0000] "GET /phpmyadmin/db_structure.php?server=1&db=sqlcourse&token=32195fa4a7dbb88a6812ed0b67ce7d1f&ajax_request=true&ajax_page_request=true&menuHashes=f087d61e-b6e5e4d9&_nocache=1672691963016747259 HTTP/1.1" 200 2451
::1 - - [02/Jan/2023:20:39:25 +0000] "GET /phpmyadmin/db_sql.php?db=sqlcourse&token=32195fa4a7dbb88a6812ed0b67ce7d1f&db_query_force=1&ajax_request=true&ajax_page_request=true&menuHashes=f087d61e-b6e5e4d9&_nocache=167269196522439962 HTTP/1.1" 200 7078
::1 - - [02/Jan/2023:20:39:25 +0000] "GET /phpmyadmin/js/get_scripts.js.php?scripts[]=makegrid.js&scripts[]=sql.js HTTP/1.1" 200 35099
::1 - - [02/Jan/2023:20:39:26 +0000] "GET /phpmyadmin/db_structure.php?db=sqlcourse&token=32195fa4a7dbb88a6812ed0b67ce7d1f&ajax_request=true&ajax_page_request=true&menuHashes=f087d61e-b6e5e4d9-159332f2&_nocache=1672691966337742949 HTTP/1.1" 200 2449
::1 - - [02/Jan/2023:20:39:54 +0000] "GET /phpmyadmin/db_structure.php?server=1&db=sqlcourse&token=32195fa4a7dbb88a6812ed0b67ce7d1f&ajax_request=true&ajax_page_request=true&menuHashes=f087d61e-b6e5e4d9-159332f2&_nocache=1672691994320826744 HTTP/1.1" 200 2451
::1 - - [02/Jan/2023:20:39:55 +0000] "GET /phpmyadmin/db_structure.php?server=1&db=sqlcourse&token=32195fa4a7dbb88a6812ed0b67ce7d1f&ajax_request=true&ajax_page_request=true&menuHashes=f087d61e-b6e5e4d9-159332f2&_nocache=1672691995128146438 HTTP/1.1" 200 2451
::1 - - [02/Jan/2023:20:41:09 +0000] "GET /phpmyadmin/db_import.php?db=sqlcourse&token=32195fa4a7dbb88a6812ed0b67ce7d1f&ajax_request=true&ajax_page_request=true&menuHashes=f087d61e-b6e5e4d9-159332f2&_nocache=1672692069784539989 HTTP/1.1" 200 12647
::1 - - [02/Jan/2023:20:45:49 +0000] "POST /phpmyadmin/import.php HTTP/1.1" 200 24303
::1 - - [02/Jan/2023:20:45:49 +0000] "GET /phpmyadmin/themes/pmahomme/jquery/jquery-ui-1.9.2.custom.css HTTP/1.1" 304 -
::1 - - [02/Jan/2023:20:45:49 +0000] "GET /phpmyadmin/js/get_scripts.js.php?scripts[]=jquery/jquery-1.8.3.js&scripts[]=ajax.js&scripts[]=keyhandler.js&scripts[]=jquery/jquery-ui-1.9.2.custom.js&scripts[]=jquery/jquery.sprintf.js&scripts[]=jquery/jquery.cookie.js&scripts[]=jquery/jquery.mousewheel.js&scripts[]=jquery/jquery.event.drag-2.2.js&scripts[]=jquery/jquery-ui-timepicker-addon.js&scripts[]=jquery/jquery.ba-hashchange-1.3.js&scripts[]=jquery/jquery.debounce-1.0.5.js&scripts[]=jquery/jquery.menuResizer-1.0.js&scripts[]=rte.js&scripts[]=functions.js&scripts[]=navigation.js&scripts[]=indexes.js&scripts[]=common.js&scripts[]=tbl_change.js&scripts[]=tbl_structure.js&scripts[]=gis_data_editor.js&scripts[]=import.js&scripts[]=codemirror/lib/codemirror.js&scripts[]=codemirror/mode/mysql/mysql.js HTTP/1.1" 200 602349
::1 - - [02/Jan/2023:20:45:49 +0000] "GET /phpmyadmin/themes/pmahomme/img/logo_left.png HTTP/1.1" 304 -
::1 - - [02/Jan/2023:20:45:49 +0000] "GET /phpmyadmin/js/messages.php?lang=en&db=sqlcourse&server=0&token=32195fa4a7dbb88a6812ed0b67ce7d1f HTTP/1.1" 200 16674
::1 - - [02/Jan/2023:20:45:49 +0000] "GET /phpmyadmin/themes/dot.gif HTTP/1.1" 304 -
::1 - - [02/Jan/2023:20:45:49 +0000] "GET /phpmyadmin/themes/pmahomme/img/ajax_clock_small.gif HTTP/1.1" 304 -
::1 - - [02/Jan/2023:20:45:49 +0000] "GET /phpmyadmin/themes/pmahomme/img/sprites.png HTTP/1.1" 304 -
::1 - - [02/Jan/2023:20:45:49 +0000] "GET /phpmyadmin/themes/pmahomme/img/left_nav_bg.png HTTP/1.1" 304 -
::1 - - [02/Jan/2023:20:46:10 +0000] "POST /phpmyadmin/import.php HTTP/1.1" 200 20951
::1 - - [02/Jan/2023:20:46:10 +0000] "GET /phpmyadmin/js/get_scripts.js.php?scripts[]=jquery/jquery-1.8.3.js&scripts[]=ajax.js&scripts[]=keyhandler.js&scripts[]=jquery/jquery-ui-1.9.2.custom.js&scripts[]=jquery/jquery.sprintf.js&scripts[]=jquery/jquery.cookie.js&scripts[]=jquery/jquery.mousewheel.js&scripts[]=jquery/jquery.event.drag-2.2.js&scripts[]=jquery/jquery-ui-timepicker-addon.js&scripts[]=jquery/jquery.ba-hashchange-1.3.js&scripts[]=jquery/jquery.debounce-1.0.5.js&scripts[]=jquery/jquery.menuResizer-1.0.js&scripts[]=rte.js&scripts[]=functions.js&scripts[]=navigation.js&scripts[]=indexes.js&scripts[]=common.js&scripts[]=import.js&scripts[]=codemirror/lib/codemirror.js&scripts[]=codemirror/mode/mysql/mysql.js HTTP/1.1" 200 580146
::1 - - [02/Jan/2023:20:46:19 +0000] "GET /phpmyadmin/db_structure.php?server=1&db=sqlcourse&token=32195fa4a7dbb88a6812ed0b67ce7d1f&ajax_request=true&ajax_page_request=true&_nocache=1672692379169682955 HTTP/1.1" 200 5561
::1 - - [02/Jan/2023:20:46:21 +0000] "GET /phpmyadmin/db_import.php?db=sqlcourse&token=32195fa4a7dbb88a6812ed0b67ce7d1f&ajax_request=true&ajax_page_request=true&menuHashes=f087d61e&_nocache=1672692381355827429 HTTP/1.1" 200 15757
::1 - - [02/Jan/2023:20:48:57 +0000] "GET /phpmyadmin/db_structure.php?server=1&db=sqlcourse&token=32195fa4a7dbb88a6812ed0b67ce7d1f&ajax_request=true&ajax_page_request=true&menuHashes=f087d61e-b6e5e4d9&_nocache=1672692537600846066 HTTP/1.1" 200 2451
::1 - - [02/Jan/2023:20:49:05 +0000] "GET /phpmyadmin/db_structure.php?server=1&db=sqlcourse&token=32195fa4a7dbb88a6812ed0b67ce7d1f&ajax_request=true&ajax_page_request=true&menuHashes=f087d61e-b6e5e4d9&_nocache=1672692545272560570 HTTP/1.1" 200 2451
::1 - - [02/Jan/2023:20:49:39 +0000] "GET /phpmyadmin/ HTTP/1.1" 200 7945
::1 - - [02/Jan/2023:20:49:39 +0000] "GET /phpmyadmin/themes/pmahomme/jquery/jquery-ui-1.9.2.custom.css HTTP/1.1" 304 -
::1 - - [02/Jan/2023:20:49:39 +0000] "GET /phpmyadmin/phpmyadmin.css.php?server=1&token=dd780810dece663209cc8861d52df636&nocache=5018070969ltr HTTP/1.1" 200 88608
::1 - - [02/Jan/2023:20:49:39 +0000] "GET /phpmyadmin/themes/pmahomme/img/logo_right.png HTTP/1.1" 304 -
::1 - - [02/Jan/2023:20:49:39 +0000] "GET /phpmyadmin/js/messages.php?lang=en&db=&server=0&token=7a5274d3da781115e168e0e3b4411b66 HTTP/1.1" 200 16674
::1 - - [02/Jan/2023:20:49:39 +0000] "GET /phpmyadmin/themes/dot.gif HTTP/1.1" 304 -
::1 - - [02/Jan/2023:20:49:39 +0000] "GET /phpmyadmin/themes/pmahomme/img/sprites.png HTTP/1.1" 304 -
::1 - - [02/Jan/2023:20:49:44 +0000] "POST /phpmyadmin/index.php HTTP/1.1" 302 -
::1 - - [02/Jan/2023:20:49:44 +0000] "GET /phpmyadmin/index.php?token=dd780810dece663209cc8861d52df636 HTTP/1.1" 200 43131
::1 - - [02/Jan/2023:20:49:44 +0000] "GET /phpmyadmin/phpmyadmin.css.php?server=1&token=dd780810dece663209cc8861d52df636&nocache=6690763553ltr HTTP/1.1" 200 88608
::1 - - [02/Jan/2023:20:49:44 +0000] "GET /phpmyadmin/themes/pmahomme/img/logo_left.png HTTP/1.1" 304 -
::1 - - [02/Jan/2023:20:49:44 +0000] "GET /phpmyadmin/js/messages.php?lang=en&db=&server=0&token=dd780810dece663209cc8861d52df636 HTTP/1.1" 200 16674
::1 - - [02/Jan/2023:20:49:44 +0000] "GET /phpmyadmin/themes/pmahomme/img/left_nav_bg.png HTTP/1.1" 304 -
::1 - - [02/Jan/2023:20:49:44 +0000] "GET /phpmyadmin/themes/pmahomme/img/ajax_clock_small.gif HTTP/1.1" 304 -
::1 - - [02/Jan/2023:20:49:44 +0000] "GET /phpmyadmin/version_check.php?&_nocache=1672692584413286006 HTTP/1.1" 200 39
::1 - - [02/Jan/2023:20:49:52 +0000] "GET /phpmyadmin/navigation.php?ajax_request=1&token=dd780810dece663209cc8861d52df636&aPath=cm9vdA%3D%3D.c3FsY291cnNl&vPath=cm9vdA%3D%3D.c3FsY291cnNl&pos=0&pos2_name=&pos2_value=&searchClause=&searchClause2=&_nocache=1672692592108284022 HTTP/1.1" 200 97
::1 - - [02/Jan/2023:20:49:57 +0000] "GET /phpmyadmin/server_databases.php?db=&token=dd780810dece663209cc8861d52df636&ajax_request=true&ajax_page_request=true&menuHashes=6c8837db&_nocache=1672692597776819707 HTTP/1.1" 200 33854
::1 - - [02/Jan/2023:20:49:57 +0000] "GET /phpmyadmin/themes/pmahomme/img/arrow_ltr.png HTTP/1.1" 304 -
::1 - - [02/Jan/2023:20:51:35 +0000] "GET /phpmyadmin/server_import.php?db=&token=dd780810dece663209cc8861d52df636&ajax_request=true&ajax_page_request=true&menuHashes=6c8837db-9b0d1141&_nocache=167269269577629305 HTTP/1.1" 200 15293
::1 - - [02/Jan/2023:20:53:17 +0000] "POST /phpmyadmin/import.php HTTP/1.1" 200 17783
::1 - - [02/Jan/2023:20:53:23 +0000] "GET /phpmyadmin/navigation.php?ajax_request=1&token=dd780810dece663209cc8861d52df636&aPath=cm9vdA%3D%3D.c3FsY291cnNl&vPath=cm9vdA%3D%3D.c3FsY291cnNl&pos=0&pos2_name=&pos2_value=&searchClause=&searchClause2=&_nocache=1672692803220934590 HTTP/1.1" 200 97
::1 - - [02/Jan/2023:20:53:42 +0000] "GET /phpmyadmin/url.php?url=http%3A%2F%2Fdev.mysql.com%2Fdoc%2Frefman%2F5.6%2Fen%2Ferror-messages-server.html&token=dd780810dece663209cc8861d52df636 HTTP/1.1" 302 10993
::1 - - [02/Jan/2023:20:53:42 +0000] "GET /phpmyadmin/db_structure.php?server=1&db=sqlcourse&token=dd780810dece663209cc8861d52df636&ajax_request=true&ajax_page_request=true&_nocache=1672692822640653427 HTTP/1.1" 200 5561
::1 - - [02/Jan/2023:20:53:50 +0000] "GET /phpmyadmin/index.php?token=dd780810dece663209cc8861d52df636 HTTP/1.1" 200 43131
::1 - - [02/Jan/2023:20:53:50 +0000] "GET /phpmyadmin/server_import.php?db=&table=&server=1&target=&token=dd780810dece663209cc8861d52df636 HTTP/1.1" 200 21280
::1 - - [02/Jan/2023:20:53:50 +0000] "GET /phpmyadmin/themes/pmahomme/jquery/jquery-ui-1.9.2.custom.css HTTP/1.1" 304 -
::1 - - [02/Jan/2023:20:53:50 +0000] "GET /phpmyadmin/themes/pmahomme/img/logo_left.png HTTP/1.1" 304 -
::1 - - [02/Jan/2023:20:53:50 +0000] "GET /phpmyadmin/js/messages.php?lang=en&db=&token=dd780810dece663209cc8861d52df636 HTTP/1.1" 200 16674
::1 - - [02/Jan/2023:20:53:50 +0000] "GET /phpmyadmin/themes/dot.gif HTTP/1.1" 304 -
::1 - - [02/Jan/2023:20:53:50 +0000] "GET /phpmyadmin/themes/pmahomme/img/ajax_clock_small.gif HTTP/1.1" 304 -
::1 - - [02/Jan/2023:20:53:50 +0000] "GET /phpmyadmin/themes/pmahomme/img/sprites.png HTTP/1.1" 304 -
::1 - - [02/Jan/2023:20:53:50 +0000] "GET /phpmyadmin/themes/pmahomme/img/left_nav_bg.png HTTP/1.1" 304 -
::1 - - [02/Jan/2023:20:54:13 +0000] "GET /phpmyadmin/server_databases.php?db=&token=dd780810dece663209cc8861d52df636&ajax_request=true&ajax_page_request=true&menuHashes=949e6f28&_nocache=1672692853979254826 HTTP/1.1" 200 33854
::1 - - [02/Jan/2023:20:54:14 +0000] "GET /phpmyadmin/themes/pmahomme/img/arrow_ltr.png HTTP/1.1" 304 -
::1 - - [02/Jan/2023:20:55:07 +0000] "POST /phpmyadmin/db_create.php HTTP/1.1" 200 2429
::1 - - [02/Jan/2023:20:55:07 +0000] "POST /phpmyadmin/navigation.php?ajax_request=1&token=dd780810dece663209cc8861d52df636 HTTP/1.1" 200 1937
::1 - - [02/Jan/2023:20:56:19 +0000] "GET /phpmyadmin/db_structure.php?server=1&db=sqlcourse.sql&token=dd780810dece663209cc8861d52df636&ajax_request=true&ajax_page_request=true&menuHashes=949e6f28-9b0d1141&_nocache=1672692979184288555 HTTP/1.1" 200 157
::1 - - [02/Jan/2023:20:56:21 +0000] "GET /phpmyadmin/server_import.php?db=&token=dd780810dece663209cc8861d52df636&ajax_request=true&ajax_page_request=true&menuHashes=949e6f28-9b0d1141&_nocache=1672692981635363569 HTTP/1.1" 200 12543
::1 - - [02/Jan/2023:20:56:41 +0000] "POST /phpmyadmin/import.php HTTP/1.1" 200 23733
::1 - - [02/Jan/2023:20:59:02 +0000] "GET /phpmyadmin/db_structure.php?server=1&db=sqlcourse&token=dd780810dece663209cc8861d52df636&ajax_request=true&ajax_page_request=true&_nocache=1672693142173328878 HTTP/1.1" 200 5561
::1 - - [02/Jan/2023:20:59:02 +0000] "GET /phpmyadmin/js/get_scripts.js.php?scripts[]=db_structure.js HTTP/1.1" 200 5367
